<?xml version="1.0" encoding="UTF-8"?>
<TestRun id="f5be6461-4114-4a34-8dbb-5521467bc734" name="Houk@HOUK-PC 2012-10-21 20:54:49" runUser="Houk-PC\Houk" xmlns="http://microsoft.com/schemas/VisualStudio/TeamTest/2010">
  <TestSettings name="Local" id="0336a058-8cf4-4861-a347-34fe88648fbc">
    <Description>These are default test settings for a local test run.</Description>
    <Deployment userDeploymentRoot="C:\Users\Houk\Documents\Visual Studio 2010\Projects\Connect-Three\TestResults" useDefaultDeploymentRoot="false" enabled="false" runDeploymentRoot="Houk_HOUK-PC 2012-10-21 20_54_49">
      <DeploymentItem filename="C:\Users\Houk\Documents\Visual Studio 2010\Projects\Connect-Three\Connect-Three\bin\Debug\Connect-Three.exe" />
    </Deployment>
    <Execution>
      <TestTypeSpecific />
      <AgentRule name="Execution Agents">
      </AgentRule>
    </Execution>
  </TestSettings>
  <Times creation="2012-10-21T20:54:49.0906276-07:00" queuing="2012-10-21T20:54:50.3667006-07:00" start="2012-10-21T20:54:50.6157149-07:00" finish="2012-10-21T20:55:16.3661877-07:00" />
  <ResultSummary outcome="Error">
    <Counters total="1" executed="1" error="0" failed="0" timeout="0" aborted="1" inconclusive="0" passedButRunAborted="0" notRunnable="0" notExecuted="0" disconnected="0" warning="0" passed="0" completed="0" inProgress="0" pending="0" />
    <RunInfos>
      <RunInfo computerName="HOUK-PC" outcome="Error" timestamp="2012-10-21T20:55:16.3651876-07:00">
        <Text>Test host process exited unexpectedly.</Text>
      </RunInfo>
    </RunInfos>
  </ResultSummary>
  <TestDefinitions>
    <UnitTest name="DropTest" storage="c:\users\houk\documents\visual studio 2010\projects\connect-three\connect-three-test\bin\debug\connect-three-test.dll" id="e951ff65-ad89-36ee-f00f-6d8818f4d5bf">
      <Execution id="2586d038-5f07-4c5b-83b2-3b3f371f6663" />
      <TestMethod codeBase="C:/Users/Houk/Documents/Visual Studio 2010/Projects/Connect-Three/Connect-Three-Test/bin/Debug/Connect-Three-Test.DLL" adapterTypeName="Microsoft.VisualStudio.TestTools.TestTypes.Unit.UnitTestAdapter, Microsoft.VisualStudio.QualityTools.Tips.UnitTest.Adapter, Version=10.0.0.0, Culture=neutral, PublicKeyToken=b03f5f7f11d50a3a" className="Connect_Three_Test.BoardTest, Connect-Three-Test, Version=1.0.0.0, Culture=neutral, PublicKeyToken=null" name="DropTest" />
    </UnitTest>
  </TestDefinitions>
  <TestLists>
    <TestList name="Results Not in a List" id="8c84fa94-04c1-424b-9868-57a2d4851a1d" />
    <TestList name="All Loaded Results" id="19431567-8539-422a-85d7-44ee4e166bda" />
  </TestLists>
  <TestEntries>
    <TestEntry testId="e951ff65-ad89-36ee-f00f-6d8818f4d5bf" executionId="2586d038-5f07-4c5b-83b2-3b3f371f6663" testListId="8c84fa94-04c1-424b-9868-57a2d4851a1d" />
  </TestEntries>
  <Results>
    <UnitTestResult executionId="2586d038-5f07-4c5b-83b2-3b3f371f6663" testId="e951ff65-ad89-36ee-f00f-6d8818f4d5bf" testName="DropTest" computerName="HOUK-PC" duration="00:00:25.4814575" startTime="2012-10-21T20:54:50.8847302-07:00" endTime="2012-10-21T20:55:16.3661877-07:00" testType="13cdc9d9-ddb5-4fa4-a97d-d965ccfc6d4b" outcome="Aborted" testListId="8c84fa94-04c1-424b-9868-57a2d4851a1d" relativeResultsDirectory="2586d038-5f07-4c5b-83b2-3b3f371f6663">
    </UnitTestResult>
  </Results>
</TestRun>