<?xml version="1.0" encoding="UTF-8"?>
<TestRun id="51688773-a4c7-45f4-bfe9-b607557fb190" name="Houk@HOUK-PC 2012-10-21 19:57:21" runUser="Houk-PC\Houk" xmlns="http://microsoft.com/schemas/VisualStudio/TeamTest/2010">
  <TestSettings name="Local" id="0336a058-8cf4-4861-a347-34fe88648fbc">
    <Description>These are default test settings for a local test run.</Description>
    <Deployment enabled="false" runDeploymentRoot="Houk_HOUK-PC 2012-10-21 19_57_21">
      <DeploymentItem filename="C:\Users\Houk\Documents\Visual Studio 2010\Projects\Connect-Three\Connect-Three\bin\Debug\Connect-Three.exe" />
    </Deployment>
    <Execution>
      <TestTypeSpecific />
      <AgentRule name="Execution Agents">
      </AgentRule>
    </Execution>
  </TestSettings>
  <Times creation="2012-10-21T19:57:21.0264096-07:00" queuing="2012-10-21T19:57:21.1384160-07:00" start="2012-10-21T19:57:21.1474166-07:00" finish="2012-10-21T19:57:21.7314500-07:00" />
  <ResultSummary outcome="Completed">
    <Counters total="2" executed="2" passed="2" error="0" failed="0" timeout="0" aborted="0" inconclusive="0" passedButRunAborted="0" notRunnable="0" notExecuted="0" disconnected="0" warning="0" completed="0" inProgress="0" pending="0" />
  </ResultSummary>
  <TestDefinitions>
    <UnitTest name="ScoreTest" storage="c:\users\houk\documents\visual studio 2010\projects\connect-three\connect-three-test\bin\debug\connect-three-test.dll" id="b86456e7-7b75-427c-e856-997df237c5b3">
      <Execution id="2c1fd048-ec9a-435f-8797-bf2b2ab499ef" />
      <TestMethod codeBase="C:/Users/Houk/Documents/Visual Studio 2010/Projects/Connect-Three/Connect-Three-Test/bin/Debug/Connect-Three-Test.DLL" adapterTypeName="Microsoft.VisualStudio.TestTools.TestTypes.Unit.UnitTestAdapter, Microsoft.VisualStudio.QualityTools.Tips.UnitTest.Adapter, Version=10.0.0.0, Culture=neutral, PublicKeyToken=b03f5f7f11d50a3a" className="Connect_Three_Test.BoardTest, Connect-Three-Test, Version=1.0.0.0, Culture=neutral, PublicKeyToken=null" name="ScoreTest" />
    </UnitTest>
    <UnitTest name="ToStringTest" storage="c:\users\houk\documents\visual studio 2010\projects\connect-three\connect-three-test\bin\debug\connect-three-test.dll" id="4358041c-f667-ee03-6178-0739f8888343">
      <Execution id="f382e9e2-7992-4a7a-9e01-ff3db015a5aa" />
      <TestMethod codeBase="C:/Users/Houk/Documents/Visual Studio 2010/Projects/Connect-Three/Connect-Three-Test/bin/Debug/Connect-Three-Test.DLL" adapterTypeName="Microsoft.VisualStudio.TestTools.TestTypes.Unit.UnitTestAdapter, Microsoft.VisualStudio.QualityTools.Tips.UnitTest.Adapter, Version=10.0.0.0, Culture=neutral, PublicKeyToken=b03f5f7f11d50a3a" className="Connect_Three_Test.BoardTest, Connect-Three-Test, Version=1.0.0.0, Culture=neutral, PublicKeyToken=null" name="ToStringTest" />
    </UnitTest>
  </TestDefinitions>
  <TestLists>
    <TestList name="Results Not in a List" id="8c84fa94-04c1-424b-9868-57a2d4851a1d" />
    <TestList name="All Loaded Results" id="19431567-8539-422a-85d7-44ee4e166bda" />
  </TestLists>
  <TestEntries>
    <TestEntry testId="4358041c-f667-ee03-6178-0739f8888343" executionId="f382e9e2-7992-4a7a-9e01-ff3db015a5aa" testListId="8c84fa94-04c1-424b-9868-57a2d4851a1d" />
    <TestEntry testId="b86456e7-7b75-427c-e856-997df237c5b3" executionId="2c1fd048-ec9a-435f-8797-bf2b2ab499ef" testListId="8c84fa94-04c1-424b-9868-57a2d4851a1d" />
  </TestEntries>
  <Results>
    <UnitTestResult executionId="f382e9e2-7992-4a7a-9e01-ff3db015a5aa" testId="4358041c-f667-ee03-6178-0739f8888343" testName="ToStringTest" computerName="HOUK-PC" duration="00:00:00.0885230" startTime="2012-10-21T19:57:21.1524168-07:00" endTime="2012-10-21T19:57:21.6784469-07:00" testType="13cdc9d9-ddb5-4fa4-a97d-d965ccfc6d4b" outcome="Passed" testListId="8c84fa94-04c1-424b-9868-57a2d4851a1d" relativeResultsDirectory="f382e9e2-7992-4a7a-9e01-ff3db015a5aa">
    </UnitTestResult>
    <UnitTestResult executionId="2c1fd048-ec9a-435f-8797-bf2b2ab499ef" testId="b86456e7-7b75-427c-e856-997df237c5b3" testName="ScoreTest" computerName="HOUK-PC" duration="00:00:00.0032849" startTime="2012-10-21T19:57:21.6804470-07:00" endTime="2012-10-21T19:57:21.6884475-07:00" testType="13cdc9d9-ddb5-4fa4-a97d-d965ccfc6d4b" outcome="Passed" testListId="8c84fa94-04c1-424b-9868-57a2d4851a1d" relativeResultsDirectory="2c1fd048-ec9a-435f-8797-bf2b2ab499ef">
    </UnitTestResult>
  </Results>
</TestRun>