<?xml version="1.0" encoding="UTF-8"?>
<TestRun id="e0375526-6849-4c02-a430-a57f26730e8c" name="Houk@HOUK-PC 2012-10-21 15:15:56" runUser="Houk-PC\Houk" xmlns="http://microsoft.com/schemas/VisualStudio/TeamTest/2010">
  <TestSettings name="Local" id="0336a058-8cf4-4861-a347-34fe88648fbc">
    <Description>These are default test settings for a local test run.</Description>
    <Deployment enabled="false" runDeploymentRoot="Houk_HOUK-PC 2012-10-21 15_15_56">
      <DeploymentItem filename="C:\Users\Houk\Documents\Visual Studio 2010\Projects\Connect-Three\Connect-Three\bin\Debug\Connect-Three.exe" />
    </Deployment>
    <Execution>
      <TestTypeSpecific />
      <AgentRule name="Execution Agents">
      </AgentRule>
    </Execution>
  </TestSettings>
  <Times creation="2012-10-21T15:15:56.0526444-07:00" queuing="2012-10-21T15:15:56.2216540-07:00" start="2012-10-21T15:15:56.2636564-07:00" finish="2012-10-21T15:15:56.7016815-07:00" />
  <ResultSummary outcome="Inconclusive">
    <Counters total="1" executed="1" error="0" failed="0" timeout="0" aborted="0" inconclusive="1" passedButRunAborted="0" notRunnable="0" notExecuted="0" disconnected="0" warning="0" passed="0" completed="0" inProgress="0" pending="0" />
  </ResultSummary>
  <TestDefinitions>
    <UnitTest name="ToStringTest" storage="c:\users\houk\documents\visual studio 2010\projects\connect-three\connect-three-test\bin\debug\connect-three-test.dll" id="4358041c-f667-ee03-6178-0739f8888343">
      <Execution id="3b998a35-1a79-49cf-b94a-0815c7f332ec" />
      <TestMethod codeBase="C:/Users/Houk/Documents/Visual Studio 2010/Projects/Connect-Three/Connect-Three-Test/bin/Debug/Connect-Three-Test.DLL" adapterTypeName="Microsoft.VisualStudio.TestTools.TestTypes.Unit.UnitTestAdapter, Microsoft.VisualStudio.QualityTools.Tips.UnitTest.Adapter, Version=10.0.0.0, Culture=neutral, PublicKeyToken=b03f5f7f11d50a3a" className="Connect_Three_Test.BoardTest, Connect-Three-Test, Version=1.0.0.0, Culture=neutral, PublicKeyToken=null" name="ToStringTest" />
    </UnitTest>
  </TestDefinitions>
  <TestLists>
    <TestList name="Results Not in a List" id="8c84fa94-04c1-424b-9868-57a2d4851a1d" />
    <TestList name="All Loaded Results" id="19431567-8539-422a-85d7-44ee4e166bda" />
  </TestLists>
  <TestEntries>
    <TestEntry testId="4358041c-f667-ee03-6178-0739f8888343" executionId="3b998a35-1a79-49cf-b94a-0815c7f332ec" testListId="8c84fa94-04c1-424b-9868-57a2d4851a1d" />
  </TestEntries>
  <Results>
    <UnitTestResult executionId="3b998a35-1a79-49cf-b94a-0815c7f332ec" testId="4358041c-f667-ee03-6178-0739f8888343" testName="ToStringTest" computerName="HOUK-PC" duration="00:00:00.0331465" startTime="2012-10-21T15:15:56.2766572-07:00" endTime="2012-10-21T15:15:56.6786802-07:00" testType="13cdc9d9-ddb5-4fa4-a97d-d965ccfc6d4b" outcome="Inconclusive" testListId="8c84fa94-04c1-424b-9868-57a2d4851a1d" relativeResultsDirectory="3b998a35-1a79-49cf-b94a-0815c7f332ec">
      <Output>
        <ErrorInfo>
          <Message>Assert.Inconclusive failed. Verify the correctness of this test method.</Message>
          <StackTrace>   at Connect_Three_Test.BoardTest.ToStringTest() in C:\Users\Houk\Documents\Visual Studio 2010\Projects\Connect-Three\Connect-Three-Test\BoardTest.cs:line 82
</StackTrace>
        </ErrorInfo>
      </Output>
    </UnitTestResult>
  </Results>
</TestRun>