<?xml version="1.0" encoding="UTF-8"?>
<TestRun id="6b019b57-a185-4fb0-950d-35404a711c8f" name="Houk@HOUK-PC 2012-10-21 20:52:24" runUser="Houk-PC\Houk" xmlns="http://microsoft.com/schemas/VisualStudio/TeamTest/2010">
  <TestSettings name="Local" id="0336a058-8cf4-4861-a347-34fe88648fbc">
    <Description>These are default test settings for a local test run.</Description>
    <Deployment userDeploymentRoot="C:\Users\Houk\Documents\Visual Studio 2010\Projects\Connect-Three\TestResults" useDefaultDeploymentRoot="false" enabled="false" runDeploymentRoot="Houk_HOUK-PC 2012-10-21 20_52_24">
      <DeploymentItem filename="C:\Users\Houk\Documents\Visual Studio 2010\Projects\Connect-Three\Connect-Three\bin\Debug\Connect-Three.exe" />
    </Deployment>
    <Execution>
      <TestTypeSpecific />
      <AgentRule name="Execution Agents">
      </AgentRule>
    </Execution>
  </TestSettings>
  <Times creation="2012-10-21T20:52:24.5343595-07:00" queuing="2012-10-21T20:52:25.7204273-07:00" start="2012-10-21T20:52:25.9574409-07:00" finish="2012-10-21T20:52:45.2515444-07:00" />
  <ResultSummary outcome="Error">
    <Counters total="1" executed="1" error="0" failed="0" timeout="0" aborted="1" inconclusive="0" passedButRunAborted="0" notRunnable="0" notExecuted="0" disconnected="0" warning="0" passed="0" completed="0" inProgress="0" pending="0" />
    <RunInfos>
      <RunInfo computerName="HOUK-PC" outcome="Error" timestamp="2012-10-21T20:52:45.2495443-07:00">
        <Text>Test host process exited unexpectedly.</Text>
      </RunInfo>
    </RunInfos>
  </ResultSummary>
  <TestDefinitions>
    <UnitTest name="DropTest" storage="c:\users\houk\documents\visual studio 2010\projects\connect-three\connect-three-test\bin\debug\connect-three-test.dll" id="e951ff65-ad89-36ee-f00f-6d8818f4d5bf">
      <Execution id="8900aada-6178-492b-8d32-497e7117e8c5" />
      <TestMethod codeBase="C:/Users/Houk/Documents/Visual Studio 2010/Projects/Connect-Three/Connect-Three-Test/bin/Debug/Connect-Three-Test.DLL" adapterTypeName="Microsoft.VisualStudio.TestTools.TestTypes.Unit.UnitTestAdapter, Microsoft.VisualStudio.QualityTools.Tips.UnitTest.Adapter, Version=10.0.0.0, Culture=neutral, PublicKeyToken=b03f5f7f11d50a3a" className="Connect_Three_Test.BoardTest, Connect-Three-Test, Version=1.0.0.0, Culture=neutral, PublicKeyToken=null" name="DropTest" />
    </UnitTest>
  </TestDefinitions>
  <TestLists>
    <TestList name="Results Not in a List" id="8c84fa94-04c1-424b-9868-57a2d4851a1d" />
    <TestList name="All Loaded Results" id="19431567-8539-422a-85d7-44ee4e166bda" />
  </TestLists>
  <TestEntries>
    <TestEntry testId="e951ff65-ad89-36ee-f00f-6d8818f4d5bf" executionId="8900aada-6178-492b-8d32-497e7117e8c5" testListId="8c84fa94-04c1-424b-9868-57a2d4851a1d" />
  </TestEntries>
  <Results>
    <UnitTestResult executionId="8900aada-6178-492b-8d32-497e7117e8c5" testId="e951ff65-ad89-36ee-f00f-6d8818f4d5bf" testName="DropTest" computerName="HOUK-PC" duration="00:00:19.0180878" startTime="2012-10-21T20:52:26.2324566-07:00" endTime="2012-10-21T20:52:45.2505444-07:00" testType="13cdc9d9-ddb5-4fa4-a97d-d965ccfc6d4b" outcome="Aborted" testListId="8c84fa94-04c1-424b-9868-57a2d4851a1d" relativeResultsDirectory="8900aada-6178-492b-8d32-497e7117e8c5">
    </UnitTestResult>
  </Results>
</TestRun>