<?xml version="1.0" encoding="UTF-8"?>
<TestRun id="e2199e3e-8bd1-44dd-96da-e13ecb1610fe" name="Houk@HOUK-PC 2012-10-21 20:50:22" runUser="Houk-PC\Houk" xmlns="http://microsoft.com/schemas/VisualStudio/TeamTest/2010">
  <TestSettings name="Local" id="0336a058-8cf4-4861-a347-34fe88648fbc">
    <Description>These are default test settings for a local test run.</Description>
    <Deployment enabled="false" runDeploymentRoot="Houk_HOUK-PC 2012-10-21 20_50_22">
      <DeploymentItem filename="C:\Users\Houk\Documents\Visual Studio 2010\Projects\Connect-Three\Connect-Three\bin\Debug\Connect-Three.exe" />
    </Deployment>
    <Execution>
      <TestTypeSpecific />
      <AgentRule name="Execution Agents">
      </AgentRule>
    </Execution>
  </TestSettings>
  <Times creation="2012-10-21T20:50:22.4383760-07:00" queuing="2012-10-21T20:50:22.4793783-07:00" start="2012-10-21T20:50:22.4873788-07:00" finish="2012-10-21T20:50:22.8764010-07:00" />
  <ResultSummary outcome="Inconclusive">
    <Counters total="3" executed="3" passed="2" error="0" failed="0" timeout="0" aborted="0" inconclusive="1" passedButRunAborted="0" notRunnable="0" notExecuted="0" disconnected="0" warning="0" completed="0" inProgress="0" pending="0" />
  </ResultSummary>
  <TestDefinitions>
    <UnitTest name="ScoreTest" storage="c:\users\houk\documents\visual studio 2010\projects\connect-three\connect-three-test\bin\debug\connect-three-test.dll" id="b86456e7-7b75-427c-e856-997df237c5b3">
      <Execution id="e2b2ca9f-21d2-42a9-a5fa-ea41ae35fcdf" />
      <TestMethod codeBase="C:/Users/Houk/Documents/Visual Studio 2010/Projects/Connect-Three/Connect-Three-Test/bin/Debug/Connect-Three-Test.DLL" adapterTypeName="Microsoft.VisualStudio.TestTools.TestTypes.Unit.UnitTestAdapter, Microsoft.VisualStudio.QualityTools.Tips.UnitTest.Adapter, Version=10.0.0.0, Culture=neutral, PublicKeyToken=b03f5f7f11d50a3a" className="Connect_Three_Test.BoardTest, Connect-Three-Test, Version=1.0.0.0, Culture=neutral, PublicKeyToken=null" name="ScoreTest" />
    </UnitTest>
    <UnitTest name="DropTest" storage="c:\users\houk\documents\visual studio 2010\projects\connect-three\connect-three-test\bin\debug\connect-three-test.dll" id="e951ff65-ad89-36ee-f00f-6d8818f4d5bf">
      <Execution id="2592a36d-0de0-41b6-be2e-aafd9893008d" />
      <TestMethod codeBase="C:/Users/Houk/Documents/Visual Studio 2010/Projects/Connect-Three/Connect-Three-Test/bin/Debug/Connect-Three-Test.DLL" adapterTypeName="Microsoft.VisualStudio.TestTools.TestTypes.Unit.UnitTestAdapter, Microsoft.VisualStudio.QualityTools.Tips.UnitTest.Adapter, Version=10.0.0.0, Culture=neutral, PublicKeyToken=b03f5f7f11d50a3a" className="Connect_Three_Test.BoardTest, Connect-Three-Test, Version=1.0.0.0, Culture=neutral, PublicKeyToken=null" name="DropTest" />
    </UnitTest>
    <UnitTest name="ToStringTest" storage="c:\users\houk\documents\visual studio 2010\projects\connect-three\connect-three-test\bin\debug\connect-three-test.dll" id="4358041c-f667-ee03-6178-0739f8888343">
      <Execution id="e9071442-fa84-4c6d-84e6-452b92b1e214" />
      <TestMethod codeBase="C:/Users/Houk/Documents/Visual Studio 2010/Projects/Connect-Three/Connect-Three-Test/bin/Debug/Connect-Three-Test.DLL" adapterTypeName="Microsoft.VisualStudio.TestTools.TestTypes.Unit.UnitTestAdapter, Microsoft.VisualStudio.QualityTools.Tips.UnitTest.Adapter, Version=10.0.0.0, Culture=neutral, PublicKeyToken=b03f5f7f11d50a3a" className="Connect_Three_Test.BoardTest, Connect-Three-Test, Version=1.0.0.0, Culture=neutral, PublicKeyToken=null" name="ToStringTest" />
    </UnitTest>
  </TestDefinitions>
  <TestLists>
    <TestList name="Results Not in a List" id="8c84fa94-04c1-424b-9868-57a2d4851a1d" />
    <TestList name="All Loaded Results" id="19431567-8539-422a-85d7-44ee4e166bda" />
  </TestLists>
  <TestEntries>
    <TestEntry testId="4358041c-f667-ee03-6178-0739f8888343" executionId="e9071442-fa84-4c6d-84e6-452b92b1e214" testListId="8c84fa94-04c1-424b-9868-57a2d4851a1d" />
    <TestEntry testId="b86456e7-7b75-427c-e856-997df237c5b3" executionId="e2b2ca9f-21d2-42a9-a5fa-ea41ae35fcdf" testListId="8c84fa94-04c1-424b-9868-57a2d4851a1d" />
    <TestEntry testId="e951ff65-ad89-36ee-f00f-6d8818f4d5bf" executionId="2592a36d-0de0-41b6-be2e-aafd9893008d" testListId="8c84fa94-04c1-424b-9868-57a2d4851a1d" />
  </TestEntries>
  <Results>
    <UnitTestResult executionId="e9071442-fa84-4c6d-84e6-452b92b1e214" testId="4358041c-f667-ee03-6178-0739f8888343" testName="ToStringTest" computerName="HOUK-PC" duration="00:00:00.0263700" startTime="2012-10-21T20:50:22.5033797-07:00" endTime="2012-10-21T20:50:22.8343986-07:00" testType="13cdc9d9-ddb5-4fa4-a97d-d965ccfc6d4b" outcome="Passed" testListId="8c84fa94-04c1-424b-9868-57a2d4851a1d" relativeResultsDirectory="e9071442-fa84-4c6d-84e6-452b92b1e214">
    </UnitTestResult>
    <UnitTestResult executionId="e2b2ca9f-21d2-42a9-a5fa-ea41ae35fcdf" testId="b86456e7-7b75-427c-e856-997df237c5b3" testName="ScoreTest" computerName="HOUK-PC" duration="00:00:00.0016732" startTime="2012-10-21T20:50:22.8373988-07:00" endTime="2012-10-21T20:50:22.8423991-07:00" testType="13cdc9d9-ddb5-4fa4-a97d-d965ccfc6d4b" outcome="Passed" testListId="8c84fa94-04c1-424b-9868-57a2d4851a1d" relativeResultsDirectory="e2b2ca9f-21d2-42a9-a5fa-ea41ae35fcdf">
    </UnitTestResult>
    <UnitTestResult executionId="2592a36d-0de0-41b6-be2e-aafd9893008d" testId="e951ff65-ad89-36ee-f00f-6d8818f4d5bf" testName="DropTest" computerName="HOUK-PC" duration="00:00:00.0092735" startTime="2012-10-21T20:50:22.8453993-07:00" endTime="2012-10-21T20:50:22.8584000-07:00" testType="13cdc9d9-ddb5-4fa4-a97d-d965ccfc6d4b" outcome="Inconclusive" testListId="8c84fa94-04c1-424b-9868-57a2d4851a1d" relativeResultsDirectory="2592a36d-0de0-41b6-be2e-aafd9893008d">
      <Output>
        <ErrorInfo>
          <Message>Assert.Inconclusive failed. Verify the correctness of this test method.</Message>
          <StackTrace>   at Connect_Three_Test.BoardTest.DropTest() in C:\Users\Houk\Documents\Visual Studio 2010\Projects\Connect-Three\Connect-Three-Test\BoardTest.cs:line 185
</StackTrace>
        </ErrorInfo>
      </Output>
    </UnitTestResult>
  </Results>
</TestRun>